find_executable: checking for pg_config... -------------------- yes

--------------------

append_ldflags: checking for whether -Wl,-rpath,/opt/anaconda3/lib is accepted as LDFLAGS... -------------------- yes

DYLD_LIBRARY_PATH=.:/Users/justin/.rbenv/versions/3.3.8/lib "clang -o conftest -I/Users/justin/.rbenv/versions/3.3.8/include/ruby-3.3.0/arm64-darwin24 -I/Users/justin/.rbenv/versions/3.3.8/include/ruby-3.3.0/ruby/backward -I/Users/justin/.rbenv/versions/3.3.8/include/ruby-3.3.0 -I. -I/opt/anaconda3/include -D_XOPEN_SOURCE -D_DARWIN_C_SOURCE -D_DARWIN_UNLIMITED_SELECT -D_REENTRANT   -fdeclspec -O3 -fno-fast-math -ggdb3 -Wall -Wextra -Wextra-tokens -Wdeprecated-declarations -Wdivision-by-zero -Wdiv-by-zero -Wimplicit-function-declaration -Wimplicit-int -Wpointer-arith -Wshorten-64-to-32 -Wwrite-strings -Wold-style-definition -Wmissing-noreturn -Wno-cast-function-type -Wno-constant-logical-operand -Wno-long-long -Wno-missing-field-initializers -Wno-overlength-strings -Wno-parentheses-equality -Wno-self-assign -Wno-tautological-compare -Wno-unused-parameter -Wno-unused-value -Wunused-variable -Wmisleading-indentation -Wundef -fno-common -pipe conftest.c  -L. -L/Users/justin/.rbenv/versions/3.3.8/lib -L/opt/anaconda3/lib -L. -fstack-protector-strong -L/opt/homebrew/opt/gmp/lib  -arch arm64   -lruby.3.3  -lpthread  "
checked program was:
/* begin */
1: #include "ruby.h"
2: 
3: int main(int argc, char **argv)
4: {
5:   return !!argv[argc];
6: }
/* end */

DYLD_LIBRARY_PATH=.:/Users/justin/.rbenv/versions/3.3.8/lib "clang -o conftest -I/Users/justin/.rbenv/versions/3.3.8/include/ruby-3.3.0/arm64-darwin24 -I/Users/justin/.rbenv/versions/3.3.8/include/ruby-3.3.0/ruby/backward -I/Users/justin/.rbenv/versions/3.3.8/include/ruby-3.3.0 -I. -I/opt/anaconda3/include -D_XOPEN_SOURCE -D_DARWIN_C_SOURCE -D_DARWIN_UNLIMITED_SELECT -D_REENTRANT   -fdeclspec -O3 -fno-fast-math -ggdb3 -Wall -Wextra -Wextra-tokens -Wdeprecated-declarations -Wdivision-by-zero -Wdiv-by-zero -Wimplicit-function-declaration -Wimplicit-int -Wpointer-arith -Wshorten-64-to-32 -Wwrite-strings -Wold-style-definition -Wmissing-noreturn -Wno-cast-function-type -Wno-constant-logical-operand -Wno-long-long -Wno-missing-field-initializers -Wno-overlength-strings -Wno-parentheses-equality -Wno-self-assign -Wno-tautological-compare -Wno-unused-parameter -Wno-unused-value -Wunused-variable -Wmisleading-indentation -Wundef -fno-common -pipe conftest.c  -L. -L/Users/justin/.rbenv/versions/3.3.8/lib -L/opt/anaconda3/lib -L. -fstack-protector-strong -L/opt/homebrew/opt/gmp/lib  -arch arm64   -lruby.3.3 -Wl,-rpath,/opt/anaconda3/lib -lpthread  "
checked program was:
/* begin */
1: #include "ruby.h"
2: 
3: int main(int argc, char **argv)
4: {
5:   return !!argv[argc];
6: }
/* end */

--------------------

find_header: checking for libpq-fe.h... -------------------- yes

DYLD_LIBRARY_PATH=.:/Users/justin/.rbenv/versions/3.3.8/lib "clang -I/Users/justin/.rbenv/versions/3.3.8/include/ruby-3.3.0/arm64-darwin24 -I/Users/justin/.rbenv/versions/3.3.8/include/ruby-3.3.0/ruby/backward -I/Users/justin/.rbenv/versions/3.3.8/include/ruby-3.3.0 -I. -I/opt/anaconda3/include -D_XOPEN_SOURCE -D_DARWIN_C_SOURCE -D_DARWIN_UNLIMITED_SELECT -D_REENTRANT   -fdeclspec -O3 -fno-fast-math -ggdb3 -Wall -Wextra -Wextra-tokens -Wdeprecated-declarations -Wdivision-by-zero -Wdiv-by-zero -Wimplicit-function-declaration -Wimplicit-int -Wpointer-arith -Wshorten-64-to-32 -Wwrite-strings -Wold-style-definition -Wmissing-noreturn -Wno-cast-function-type -Wno-constant-logical-operand -Wno-long-long -Wno-missing-field-initializers -Wno-overlength-strings -Wno-parentheses-equality -Wno-self-assign -Wno-tautological-compare -Wno-unused-parameter -Wno-unused-value -Wunused-variable -Wmisleading-indentation -Wundef -fno-common -pipe -arch arm64  -c conftest.c"
checked program was:
/* begin */
1: #include "ruby.h"
2: 
3: #include <libpq-fe.h>
/* end */

--------------------

find_header: checking for libpq/libpq-fs.h... -------------------- yes

DYLD_LIBRARY_PATH=.:/Users/justin/.rbenv/versions/3.3.8/lib "clang -I/Users/justin/.rbenv/versions/3.3.8/include/ruby-3.3.0/arm64-darwin24 -I/Users/justin/.rbenv/versions/3.3.8/include/ruby-3.3.0/ruby/backward -I/Users/justin/.rbenv/versions/3.3.8/include/ruby-3.3.0 -I. -I/opt/anaconda3/include -D_XOPEN_SOURCE -D_DARWIN_C_SOURCE -D_DARWIN_UNLIMITED_SELECT -D_REENTRANT   -fdeclspec -O3 -fno-fast-math -ggdb3 -Wall -Wextra -Wextra-tokens -Wdeprecated-declarations -Wdivision-by-zero -Wdiv-by-zero -Wimplicit-function-declaration -Wimplicit-int -Wpointer-arith -Wshorten-64-to-32 -Wwrite-strings -Wold-style-definition -Wmissing-noreturn -Wno-cast-function-type -Wno-constant-logical-operand -Wno-long-long -Wno-missing-field-initializers -Wno-overlength-strings -Wno-parentheses-equality -Wno-self-assign -Wno-tautological-compare -Wno-unused-parameter -Wno-unused-value -Wunused-variable -Wmisleading-indentation -Wundef -fno-common -pipe -arch arm64  -c conftest.c"
checked program was:
/* begin */
1: #include "ruby.h"
2: 
3: #include <libpq/libpq-fs.h>
/* end */

--------------------

find_header: checking for pg_config_manual.h... -------------------- yes

DYLD_LIBRARY_PATH=.:/Users/justin/.rbenv/versions/3.3.8/lib "clang -I/Users/justin/.rbenv/versions/3.3.8/include/ruby-3.3.0/arm64-darwin24 -I/Users/justin/.rbenv/versions/3.3.8/include/ruby-3.3.0/ruby/backward -I/Users/justin/.rbenv/versions/3.3.8/include/ruby-3.3.0 -I. -I/opt/anaconda3/include -D_XOPEN_SOURCE -D_DARWIN_C_SOURCE -D_DARWIN_UNLIMITED_SELECT -D_REENTRANT   -fdeclspec -O3 -fno-fast-math -ggdb3 -Wall -Wextra -Wextra-tokens -Wdeprecated-declarations -Wdivision-by-zero -Wdiv-by-zero -Wimplicit-function-declaration -Wimplicit-int -Wpointer-arith -Wshorten-64-to-32 -Wwrite-strings -Wold-style-definition -Wmissing-noreturn -Wno-cast-function-type -Wno-constant-logical-operand -Wno-long-long -Wno-missing-field-initializers -Wno-overlength-strings -Wno-parentheses-equality -Wno-self-assign -Wno-tautological-compare -Wno-unused-parameter -Wno-unused-value -Wunused-variable -Wmisleading-indentation -Wundef -fno-common -pipe -arch arm64  -c conftest.c"
In file included from conftest.c:3:
/opt/anaconda3/include/pg_config_manual.h:132:5: warning: 'HAVE_DECL_POSIX_FADVISE' is not defined, evaluates to 0 [-Wundef]
  132 | #if HAVE_DECL_POSIX_FADVISE && defined(HAVE_POSIX_FADVISE)
      |     ^
1 warning generated.
checked program was:
/* begin */
1: #include "ruby.h"
2: 
3: #include <pg_config_manual.h>
/* end */

--------------------

have_library: checking for PQconnectdb() in -lpq... -------------------- yes

DYLD_LIBRARY_PATH=.:/Users/justin/.rbenv/versions/3.3.8/lib "clang -o conftest -I/Users/justin/.rbenv/versions/3.3.8/include/ruby-3.3.0/arm64-darwin24 -I/Users/justin/.rbenv/versions/3.3.8/include/ruby-3.3.0/ruby/backward -I/Users/justin/.rbenv/versions/3.3.8/include/ruby-3.3.0 -I. -I/opt/anaconda3/include -D_XOPEN_SOURCE -D_DARWIN_C_SOURCE -D_DARWIN_UNLIMITED_SELECT -D_REENTRANT   -fdeclspec -O3 -fno-fast-math -ggdb3 -Wall -Wextra -Wextra-tokens -Wdeprecated-declarations -Wdivision-by-zero -Wdiv-by-zero -Wimplicit-function-declaration -Wimplicit-int -Wpointer-arith -Wshorten-64-to-32 -Wwrite-strings -Wold-style-definition -Wmissing-noreturn -Wno-cast-function-type -Wno-constant-logical-operand -Wno-long-long -Wno-missing-field-initializers -Wno-overlength-strings -Wno-parentheses-equality -Wno-self-assign -Wno-tautological-compare -Wno-unused-parameter -Wno-unused-value -Wunused-variable -Wmisleading-indentation -Wundef -fno-common -pipe conftest.c  -L. -L/Users/justin/.rbenv/versions/3.3.8/lib -L/opt/anaconda3/lib -L. -fstack-protector-strong -L/opt/homebrew/opt/gmp/lib -Wl,-rpath,/opt/anaconda3/lib  -arch arm64   -lruby.3.3 -lpq  -lpthread  "
checked program was:
/* begin */
 1: #include "ruby.h"
 2: 
 3: #include <libpq-fe.h>
 4: 
 5: /*top*/
 6: extern int t(void);
 7: int main(int argc, char **argv)
 8: {
 9:   if (argc > 1000000) {
10:     int (* volatile tp)(void)=(int (*)(void))&t;
11:     printf("%d", (*tp)());
12:   }
13: 
14:   return !!argv[argc];
15: }
16: int t(void) { void ((*volatile p)()); p = (void ((*)()))PQconnectdb; return !p; }
/* end */

--------------------

have_func: checking for PQencryptPasswordConn() in libpq-fe.h... -------------------- yes

DYLD_LIBRARY_PATH=.:/Users/justin/.rbenv/versions/3.3.8/lib "clang -o conftest -I/Users/justin/.rbenv/versions/3.3.8/include/ruby-3.3.0/arm64-darwin24 -I/Users/justin/.rbenv/versions/3.3.8/include/ruby-3.3.0/ruby/backward -I/Users/justin/.rbenv/versions/3.3.8/include/ruby-3.3.0 -I. -I/opt/anaconda3/include -D_XOPEN_SOURCE -D_DARWIN_C_SOURCE -D_DARWIN_UNLIMITED_SELECT -D_REENTRANT   -fdeclspec -O3 -fno-fast-math -ggdb3 -Wall -Wextra -Wextra-tokens -Wdeprecated-declarations -Wdivision-by-zero -Wdiv-by-zero -Wimplicit-function-declaration -Wimplicit-int -Wpointer-arith -Wshorten-64-to-32 -Wwrite-strings -Wold-style-definition -Wmissing-noreturn -Wno-cast-function-type -Wno-constant-logical-operand -Wno-long-long -Wno-missing-field-initializers -Wno-overlength-strings -Wno-parentheses-equality -Wno-self-assign -Wno-tautological-compare -Wno-unused-parameter -Wno-unused-value -Wunused-variable -Wmisleading-indentation -Wundef -fno-common -pipe conftest.c  -L. -L/Users/justin/.rbenv/versions/3.3.8/lib -L/opt/anaconda3/lib -L. -fstack-protector-strong -L/opt/homebrew/opt/gmp/lib -Wl,-rpath,/opt/anaconda3/lib  -arch arm64  -lpq  -lruby.3.3 -lpq  -lpthread  "
ld: warning: ignoring duplicate libraries: '-lpq'
checked program was:
/* begin */
 1: #include "ruby.h"
 2: 
 3: #include <libpq-fe.h>
 4: 
 5: /*top*/
 6: extern int t(void);
 7: int main(int argc, char **argv)
 8: {
 9:   if (argc > 1000000) {
10:     int (* volatile tp)(void)=(int (*)(void))&t;
11:     printf("%d", (*tp)());
12:   }
13: 
14:   return !!argv[argc];
15: }
16: int t(void) { void ((*volatile p)()); p = (void ((*)()))PQencryptPasswordConn; return !p; }
/* end */

--------------------

have_func: checking for PQresultMemorySize() in libpq-fe.h... -------------------- yes

DYLD_LIBRARY_PATH=.:/Users/justin/.rbenv/versions/3.3.8/lib "clang -o conftest -I/Users/justin/.rbenv/versions/3.3.8/include/ruby-3.3.0/arm64-darwin24 -I/Users/justin/.rbenv/versions/3.3.8/include/ruby-3.3.0/ruby/backward -I/Users/justin/.rbenv/versions/3.3.8/include/ruby-3.3.0 -I. -I/opt/anaconda3/include -D_XOPEN_SOURCE -D_DARWIN_C_SOURCE -D_DARWIN_UNLIMITED_SELECT -D_REENTRANT   -fdeclspec -O3 -fno-fast-math -ggdb3 -Wall -Wextra -Wextra-tokens -Wdeprecated-declarations -Wdivision-by-zero -Wdiv-by-zero -Wimplicit-function-declaration -Wimplicit-int -Wpointer-arith -Wshorten-64-to-32 -Wwrite-strings -Wold-style-definition -Wmissing-noreturn -Wno-cast-function-type -Wno-constant-logical-operand -Wno-long-long -Wno-missing-field-initializers -Wno-overlength-strings -Wno-parentheses-equality -Wno-self-assign -Wno-tautological-compare -Wno-unused-parameter -Wno-unused-value -Wunused-variable -Wmisleading-indentation -Wundef -fno-common -pipe conftest.c  -L. -L/Users/justin/.rbenv/versions/3.3.8/lib -L/opt/anaconda3/lib -L. -fstack-protector-strong -L/opt/homebrew/opt/gmp/lib -Wl,-rpath,/opt/anaconda3/lib  -arch arm64  -lpq  -lruby.3.3 -lpq  -lpthread  "
ld: warning: ignoring duplicate libraries: '-lpq'
checked program was:
/* begin */
 1: #include "ruby.h"
 2: 
 3: #include <libpq-fe.h>
 4: 
 5: /*top*/
 6: extern int t(void);
 7: int main(int argc, char **argv)
 8: {
 9:   if (argc > 1000000) {
10:     int (* volatile tp)(void)=(int (*)(void))&t;
11:     printf("%d", (*tp)());
12:   }
13: 
14:   return !!argv[argc];
15: }
16: int t(void) { void ((*volatile p)()); p = (void ((*)()))PQresultMemorySize; return !p; }
/* end */

--------------------

have_func: checking for PQenterPipelineMode() in libpq-fe.h... -------------------- no

DYLD_LIBRARY_PATH=.:/Users/justin/.rbenv/versions/3.3.8/lib "clang -o conftest -I/Users/justin/.rbenv/versions/3.3.8/include/ruby-3.3.0/arm64-darwin24 -I/Users/justin/.rbenv/versions/3.3.8/include/ruby-3.3.0/ruby/backward -I/Users/justin/.rbenv/versions/3.3.8/include/ruby-3.3.0 -I. -I/opt/anaconda3/include -D_XOPEN_SOURCE -D_DARWIN_C_SOURCE -D_DARWIN_UNLIMITED_SELECT -D_REENTRANT   -fdeclspec -O3 -fno-fast-math -ggdb3 -Wall -Wextra -Wextra-tokens -Wdeprecated-declarations -Wdivision-by-zero -Wdiv-by-zero -Wimplicit-function-declaration -Wimplicit-int -Wpointer-arith -Wshorten-64-to-32 -Wwrite-strings -Wold-style-definition -Wmissing-noreturn -Wno-cast-function-type -Wno-constant-logical-operand -Wno-long-long -Wno-missing-field-initializers -Wno-overlength-strings -Wno-parentheses-equality -Wno-self-assign -Wno-tautological-compare -Wno-unused-parameter -Wno-unused-value -Wunused-variable -Wmisleading-indentation -Wundef -fno-common -pipe conftest.c  -L. -L/Users/justin/.rbenv/versions/3.3.8/lib -L/opt/anaconda3/lib -L. -fstack-protector-strong -L/opt/homebrew/opt/gmp/lib -Wl,-rpath,/opt/anaconda3/lib  -arch arm64  -lpq  -lruby.3.3 -lpq  -lpthread  "
conftest.c:16:57: error: use of undeclared identifier 'PQenterPipelineMode'
   16 | int t(void) { void ((*volatile p)()); p = (void ((*)()))PQenterPipelineMode; return !p; }
      |                                                         ^
conftest.c:17:20: error: use of undeclared identifier 'PGRES_PIPELINE_SYNC'
   17 |  int con(){ return PGRES_PIPELINE_SYNC; }
      |                    ^
2 errors generated.
checked program was:
/* begin */
 1: #include "ruby.h"
 2: 
 3: #include <libpq-fe.h>
 4: 
 5: /*top*/
 6: extern int t(void);
 7: int main(int argc, char **argv)
 8: {
 9:   if (argc > 1000000) {
10:     int (* volatile tp)(void)=(int (*)(void))&t;
11:     printf("%d", (*tp)());
12:   }
13: 
14:   return !!argv[argc];
15: }
16: int t(void) { void ((*volatile p)()); p = (void ((*)()))PQenterPipelineMode; return !p; }
17:  int con(){ return PGRES_PIPELINE_SYNC; }
/* end */

DYLD_LIBRARY_PATH=.:/Users/justin/.rbenv/versions/3.3.8/lib "clang -o conftest -I/Users/justin/.rbenv/versions/3.3.8/include/ruby-3.3.0/arm64-darwin24 -I/Users/justin/.rbenv/versions/3.3.8/include/ruby-3.3.0/ruby/backward -I/Users/justin/.rbenv/versions/3.3.8/include/ruby-3.3.0 -I. -I/opt/anaconda3/include -D_XOPEN_SOURCE -D_DARWIN_C_SOURCE -D_DARWIN_UNLIMITED_SELECT -D_REENTRANT   -fdeclspec -O3 -fno-fast-math -ggdb3 -Wall -Wextra -Wextra-tokens -Wdeprecated-declarations -Wdivision-by-zero -Wdiv-by-zero -Wimplicit-function-declaration -Wimplicit-int -Wpointer-arith -Wshorten-64-to-32 -Wwrite-strings -Wold-style-definition -Wmissing-noreturn -Wno-cast-function-type -Wno-constant-logical-operand -Wno-long-long -Wno-missing-field-initializers -Wno-overlength-strings -Wno-parentheses-equality -Wno-self-assign -Wno-tautological-compare -Wno-unused-parameter -Wno-unused-value -Wunused-variable -Wmisleading-indentation -Wundef -fno-common -pipe conftest.c  -L. -L/Users/justin/.rbenv/versions/3.3.8/lib -L/opt/anaconda3/lib -L. -fstack-protector-strong -L/opt/homebrew/opt/gmp/lib -Wl,-rpath,/opt/anaconda3/lib  -arch arm64  -lpq  -lruby.3.3 -lpq  -lpthread  "
conftest.c:18:20: error: use of undeclared identifier 'PGRES_PIPELINE_SYNC'
   18 |  int con(){ return PGRES_PIPELINE_SYNC; }
      |                    ^
1 error generated.
checked program was:
/* begin */
 1: #include "ruby.h"
 2: 
 3: #include <libpq-fe.h>
 4: 
 5: /*top*/
 6: extern int t(void);
 7: int main(int argc, char **argv)
 8: {
 9:   if (argc > 1000000) {
10:     int (* volatile tp)(void)=(int (*)(void))&t;
11:     printf("%d", (*tp)());
12:   }
13: 
14:   return !!argv[argc];
15: }
16: extern void PQenterPipelineMode();
17: int t(void) { PQenterPipelineMode(); return 0; }
18:  int con(){ return PGRES_PIPELINE_SYNC; }
/* end */

--------------------

have_func: checking for PQsetChunkedRowsMode() in libpq-fe.h... -------------------- no

DYLD_LIBRARY_PATH=.:/Users/justin/.rbenv/versions/3.3.8/lib "clang -o conftest -I/Users/justin/.rbenv/versions/3.3.8/include/ruby-3.3.0/arm64-darwin24 -I/Users/justin/.rbenv/versions/3.3.8/include/ruby-3.3.0/ruby/backward -I/Users/justin/.rbenv/versions/3.3.8/include/ruby-3.3.0 -I. -I/opt/anaconda3/include -D_XOPEN_SOURCE -D_DARWIN_C_SOURCE -D_DARWIN_UNLIMITED_SELECT -D_REENTRANT   -fdeclspec -O3 -fno-fast-math -ggdb3 -Wall -Wextra -Wextra-tokens -Wdeprecated-declarations -Wdivision-by-zero -Wdiv-by-zero -Wimplicit-function-declaration -Wimplicit-int -Wpointer-arith -Wshorten-64-to-32 -Wwrite-strings -Wold-style-definition -Wmissing-noreturn -Wno-cast-function-type -Wno-constant-logical-operand -Wno-long-long -Wno-missing-field-initializers -Wno-overlength-strings -Wno-parentheses-equality -Wno-self-assign -Wno-tautological-compare -Wno-unused-parameter -Wno-unused-value -Wunused-variable -Wmisleading-indentation -Wundef -fno-common -pipe conftest.c  -L. -L/Users/justin/.rbenv/versions/3.3.8/lib -L/opt/anaconda3/lib -L. -fstack-protector-strong -L/opt/homebrew/opt/gmp/lib -Wl,-rpath,/opt/anaconda3/lib  -arch arm64  -lpq  -lruby.3.3 -lpq  -lpthread  "
conftest.c:16:57: error: use of undeclared identifier 'PQsetChunkedRowsMode'
   16 | int t(void) { void ((*volatile p)()); p = (void ((*)()))PQsetChunkedRowsMode; return !p; }
      |                                                         ^
1 error generated.
checked program was:
/* begin */
 1: #include "ruby.h"
 2: 
 3: #include <libpq-fe.h>
 4: 
 5: /*top*/
 6: extern int t(void);
 7: int main(int argc, char **argv)
 8: {
 9:   if (argc > 1000000) {
10:     int (* volatile tp)(void)=(int (*)(void))&t;
11:     printf("%d", (*tp)());
12:   }
13: 
14:   return !!argv[argc];
15: }
16: int t(void) { void ((*volatile p)()); p = (void ((*)()))PQsetChunkedRowsMode; return !p; }
/* end */

DYLD_LIBRARY_PATH=.:/Users/justin/.rbenv/versions/3.3.8/lib "clang -o conftest -I/Users/justin/.rbenv/versions/3.3.8/include/ruby-3.3.0/arm64-darwin24 -I/Users/justin/.rbenv/versions/3.3.8/include/ruby-3.3.0/ruby/backward -I/Users/justin/.rbenv/versions/3.3.8/include/ruby-3.3.0 -I. -I/opt/anaconda3/include -D_XOPEN_SOURCE -D_DARWIN_C_SOURCE -D_DARWIN_UNLIMITED_SELECT -D_REENTRANT   -fdeclspec -O3 -fno-fast-math -ggdb3 -Wall -Wextra -Wextra-tokens -Wdeprecated-declarations -Wdivision-by-zero -Wdiv-by-zero -Wimplicit-function-declaration -Wimplicit-int -Wpointer-arith -Wshorten-64-to-32 -Wwrite-strings -Wold-style-definition -Wmissing-noreturn -Wno-cast-function-type -Wno-constant-logical-operand -Wno-long-long -Wno-missing-field-initializers -Wno-overlength-strings -Wno-parentheses-equality -Wno-self-assign -Wno-tautological-compare -Wno-unused-parameter -Wno-unused-value -Wunused-variable -Wmisleading-indentation -Wundef -fno-common -pipe conftest.c  -L. -L/Users/justin/.rbenv/versions/3.3.8/lib -L/opt/anaconda3/lib -L. -fstack-protector-strong -L/opt/homebrew/opt/gmp/lib -Wl,-rpath,/opt/anaconda3/lib  -arch arm64  -lpq  -lruby.3.3 -lpq  -lpthread  "
ld: warning: ignoring duplicate libraries: '-lpq'
Undefined symbols for architecture arm64:
  "_PQsetChunkedRowsMode", referenced from:
      _t in conftest-13c446.o
ld: symbol(s) not found for architecture arm64
clang: error: linker command failed with exit code 1 (use -v to see invocation)
checked program was:
/* begin */
 1: #include "ruby.h"
 2: 
 3: #include <libpq-fe.h>
 4: 
 5: /*top*/
 6: extern int t(void);
 7: int main(int argc, char **argv)
 8: {
 9:   if (argc > 1000000) {
10:     int (* volatile tp)(void)=(int (*)(void))&t;
11:     printf("%d", (*tp)());
12:   }
13: 
14:   return !!argv[argc];
15: }
16: extern void PQsetChunkedRowsMode();
17: int t(void) { PQsetChunkedRowsMode(); return 0; }
/* end */

--------------------

have_func: checking for timegm()... -------------------- yes

DYLD_LIBRARY_PATH=.:/Users/justin/.rbenv/versions/3.3.8/lib "clang -o conftest -I/Users/justin/.rbenv/versions/3.3.8/include/ruby-3.3.0/arm64-darwin24 -I/Users/justin/.rbenv/versions/3.3.8/include/ruby-3.3.0/ruby/backward -I/Users/justin/.rbenv/versions/3.3.8/include/ruby-3.3.0 -I. -I/opt/anaconda3/include -D_XOPEN_SOURCE -D_DARWIN_C_SOURCE -D_DARWIN_UNLIMITED_SELECT -D_REENTRANT   -fdeclspec -O3 -fno-fast-math -ggdb3 -Wall -Wextra -Wextra-tokens -Wdeprecated-declarations -Wdivision-by-zero -Wdiv-by-zero -Wimplicit-function-declaration -Wimplicit-int -Wpointer-arith -Wshorten-64-to-32 -Wwrite-strings -Wold-style-definition -Wmissing-noreturn -Wno-cast-function-type -Wno-constant-logical-operand -Wno-long-long -Wno-missing-field-initializers -Wno-overlength-strings -Wno-parentheses-equality -Wno-self-assign -Wno-tautological-compare -Wno-unused-parameter -Wno-unused-value -Wunused-variable -Wmisleading-indentation -Wundef -fno-common -pipe conftest.c  -L. -L/Users/justin/.rbenv/versions/3.3.8/lib -L/opt/anaconda3/lib -L. -fstack-protector-strong -L/opt/homebrew/opt/gmp/lib -Wl,-rpath,/opt/anaconda3/lib  -arch arm64  -lpq  -lruby.3.3 -lpq  -lpthread  "
ld: warning: ignoring duplicate libraries: '-lpq'
checked program was:
/* begin */
 1: #include "ruby.h"
 2: 
 3: /*top*/
 4: extern int t(void);
 5: int main(int argc, char **argv)
 6: {
 7:   if (argc > 1000000) {
 8:     int (* volatile tp)(void)=(int (*)(void))&t;
 9:     printf("%d", (*tp)());
10:   }
11: 
12:   return !!argv[argc];
13: }
14: int t(void) { void ((*volatile p)()); p = (void ((*)()))timegm; return !p; }
/* end */

--------------------

have_func: checking for rb_io_wait()... -------------------- yes

DYLD_LIBRARY_PATH=.:/Users/justin/.rbenv/versions/3.3.8/lib "clang -o conftest -I/Users/justin/.rbenv/versions/3.3.8/include/ruby-3.3.0/arm64-darwin24 -I/Users/justin/.rbenv/versions/3.3.8/include/ruby-3.3.0/ruby/backward -I/Users/justin/.rbenv/versions/3.3.8/include/ruby-3.3.0 -I. -I/opt/anaconda3/include -D_XOPEN_SOURCE -D_DARWIN_C_SOURCE -D_DARWIN_UNLIMITED_SELECT -D_REENTRANT   -fdeclspec -O3 -fno-fast-math -ggdb3 -Wall -Wextra -Wextra-tokens -Wdeprecated-declarations -Wdivision-by-zero -Wdiv-by-zero -Wimplicit-function-declaration -Wimplicit-int -Wpointer-arith -Wshorten-64-to-32 -Wwrite-strings -Wold-style-definition -Wmissing-noreturn -Wno-cast-function-type -Wno-constant-logical-operand -Wno-long-long -Wno-missing-field-initializers -Wno-overlength-strings -Wno-parentheses-equality -Wno-self-assign -Wno-tautological-compare -Wno-unused-parameter -Wno-unused-value -Wunused-variable -Wmisleading-indentation -Wundef -fno-common -pipe conftest.c  -L. -L/Users/justin/.rbenv/versions/3.3.8/lib -L/opt/anaconda3/lib -L. -fstack-protector-strong -L/opt/homebrew/opt/gmp/lib -Wl,-rpath,/opt/anaconda3/lib  -arch arm64  -lpq  -lruby.3.3 -lpq  -lpthread  "
conftest.c:14:57: error: use of undeclared identifier 'rb_io_wait'
   14 | int t(void) { void ((*volatile p)()); p = (void ((*)()))rb_io_wait; return !p; }
      |                                                         ^
1 error generated.
checked program was:
/* begin */
 1: #include "ruby.h"
 2: 
 3: /*top*/
 4: extern int t(void);
 5: int main(int argc, char **argv)
 6: {
 7:   if (argc > 1000000) {
 8:     int (* volatile tp)(void)=(int (*)(void))&t;
 9:     printf("%d", (*tp)());
10:   }
11: 
12:   return !!argv[argc];
13: }
14: int t(void) { void ((*volatile p)()); p = (void ((*)()))rb_io_wait; return !p; }
/* end */

DYLD_LIBRARY_PATH=.:/Users/justin/.rbenv/versions/3.3.8/lib "clang -o conftest -I/Users/justin/.rbenv/versions/3.3.8/include/ruby-3.3.0/arm64-darwin24 -I/Users/justin/.rbenv/versions/3.3.8/include/ruby-3.3.0/ruby/backward -I/Users/justin/.rbenv/versions/3.3.8/include/ruby-3.3.0 -I. -I/opt/anaconda3/include -D_XOPEN_SOURCE -D_DARWIN_C_SOURCE -D_DARWIN_UNLIMITED_SELECT -D_REENTRANT   -fdeclspec -O3 -fno-fast-math -ggdb3 -Wall -Wextra -Wextra-tokens -Wdeprecated-declarations -Wdivision-by-zero -Wdiv-by-zero -Wimplicit-function-declaration -Wimplicit-int -Wpointer-arith -Wshorten-64-to-32 -Wwrite-strings -Wold-style-definition -Wmissing-noreturn -Wno-cast-function-type -Wno-constant-logical-operand -Wno-long-long -Wno-missing-field-initializers -Wno-overlength-strings -Wno-parentheses-equality -Wno-self-assign -Wno-tautological-compare -Wno-unused-parameter -Wno-unused-value -Wunused-variable -Wmisleading-indentation -Wundef -fno-common -pipe conftest.c  -L. -L/Users/justin/.rbenv/versions/3.3.8/lib -L/opt/anaconda3/lib -L. -fstack-protector-strong -L/opt/homebrew/opt/gmp/lib -Wl,-rpath,/opt/anaconda3/lib  -arch arm64  -lpq  -lruby.3.3 -lpq  -lpthread  "
ld: warning: ignoring duplicate libraries: '-lpq'
checked program was:
/* begin */
 1: #include "ruby.h"
 2: 
 3: /*top*/
 4: extern int t(void);
 5: int main(int argc, char **argv)
 6: {
 7:   if (argc > 1000000) {
 8:     int (* volatile tp)(void)=(int (*)(void))&t;
 9:     printf("%d", (*tp)());
10:   }
11: 
12:   return !!argv[argc];
13: }
14: extern void rb_io_wait();
15: int t(void) { rb_io_wait(); return 0; }
/* end */

--------------------

have_func: checking for rb_io_descriptor()... -------------------- yes

DYLD_LIBRARY_PATH=.:/Users/justin/.rbenv/versions/3.3.8/lib "clang -o conftest -I/Users/justin/.rbenv/versions/3.3.8/include/ruby-3.3.0/arm64-darwin24 -I/Users/justin/.rbenv/versions/3.3.8/include/ruby-3.3.0/ruby/backward -I/Users/justin/.rbenv/versions/3.3.8/include/ruby-3.3.0 -I. -I/opt/anaconda3/include -D_XOPEN_SOURCE -D_DARWIN_C_SOURCE -D_DARWIN_UNLIMITED_SELECT -D_REENTRANT   -fdeclspec -O3 -fno-fast-math -ggdb3 -Wall -Wextra -Wextra-tokens -Wdeprecated-declarations -Wdivision-by-zero -Wdiv-by-zero -Wimplicit-function-declaration -Wimplicit-int -Wpointer-arith -Wshorten-64-to-32 -Wwrite-strings -Wold-style-definition -Wmissing-noreturn -Wno-cast-function-type -Wno-constant-logical-operand -Wno-long-long -Wno-missing-field-initializers -Wno-overlength-strings -Wno-parentheses-equality -Wno-self-assign -Wno-tautological-compare -Wno-unused-parameter -Wno-unused-value -Wunused-variable -Wmisleading-indentation -Wundef -fno-common -pipe conftest.c  -L. -L/Users/justin/.rbenv/versions/3.3.8/lib -L/opt/anaconda3/lib -L. -fstack-protector-strong -L/opt/homebrew/opt/gmp/lib -Wl,-rpath,/opt/anaconda3/lib  -arch arm64  -lpq  -lruby.3.3 -lpq  -lpthread  "
conftest.c:14:57: error: use of undeclared identifier 'rb_io_descriptor'
   14 | int t(void) { void ((*volatile p)()); p = (void ((*)()))rb_io_descriptor; return !p; }
      |                                                         ^
1 error generated.
checked program was:
/* begin */
 1: #include "ruby.h"
 2: 
 3: /*top*/
 4: extern int t(void);
 5: int main(int argc, char **argv)
 6: {
 7:   if (argc > 1000000) {
 8:     int (* volatile tp)(void)=(int (*)(void))&t;
 9:     printf("%d", (*tp)());
10:   }
11: 
12:   return !!argv[argc];
13: }
14: int t(void) { void ((*volatile p)()); p = (void ((*)()))rb_io_descriptor; return !p; }
/* end */

DYLD_LIBRARY_PATH=.:/Users/justin/.rbenv/versions/3.3.8/lib "clang -o conftest -I/Users/justin/.rbenv/versions/3.3.8/include/ruby-3.3.0/arm64-darwin24 -I/Users/justin/.rbenv/versions/3.3.8/include/ruby-3.3.0/ruby/backward -I/Users/justin/.rbenv/versions/3.3.8/include/ruby-3.3.0 -I. -I/opt/anaconda3/include -D_XOPEN_SOURCE -D_DARWIN_C_SOURCE -D_DARWIN_UNLIMITED_SELECT -D_REENTRANT   -fdeclspec -O3 -fno-fast-math -ggdb3 -Wall -Wextra -Wextra-tokens -Wdeprecated-declarations -Wdivision-by-zero -Wdiv-by-zero -Wimplicit-function-declaration -Wimplicit-int -Wpointer-arith -Wshorten-64-to-32 -Wwrite-strings -Wold-style-definition -Wmissing-noreturn -Wno-cast-function-type -Wno-constant-logical-operand -Wno-long-long -Wno-missing-field-initializers -Wno-overlength-strings -Wno-parentheses-equality -Wno-self-assign -Wno-tautological-compare -Wno-unused-parameter -Wno-unused-value -Wunused-variable -Wmisleading-indentation -Wundef -fno-common -pipe conftest.c  -L. -L/Users/justin/.rbenv/versions/3.3.8/lib -L/opt/anaconda3/lib -L. -fstack-protector-strong -L/opt/homebrew/opt/gmp/lib -Wl,-rpath,/opt/anaconda3/lib  -arch arm64  -lpq  -lruby.3.3 -lpq  -lpthread  "
ld: warning: ignoring duplicate libraries: '-lpq'
checked program was:
/* begin */
 1: #include "ruby.h"
 2: 
 3: /*top*/
 4: extern int t(void);
 5: int main(int argc, char **argv)
 6: {
 7:   if (argc > 1000000) {
 8:     int (* volatile tp)(void)=(int (*)(void))&t;
 9:     printf("%d", (*tp)());
10:   }
11: 
12:   return !!argv[argc];
13: }
14: extern void rb_io_descriptor();
15: int t(void) { rb_io_descriptor(); return 0; }
/* end */

--------------------

have_header: checking for inttypes.h... -------------------- yes

DYLD_LIBRARY_PATH=.:/Users/justin/.rbenv/versions/3.3.8/lib "clang -I/Users/justin/.rbenv/versions/3.3.8/include/ruby-3.3.0/arm64-darwin24 -I/Users/justin/.rbenv/versions/3.3.8/include/ruby-3.3.0/ruby/backward -I/Users/justin/.rbenv/versions/3.3.8/include/ruby-3.3.0 -I. -I/opt/anaconda3/include -D_XOPEN_SOURCE -D_DARWIN_C_SOURCE -D_DARWIN_UNLIMITED_SELECT -D_REENTRANT   -fdeclspec -O3 -fno-fast-math -ggdb3 -Wall -Wextra -Wextra-tokens -Wdeprecated-declarations -Wdivision-by-zero -Wdiv-by-zero -Wimplicit-function-declaration -Wimplicit-int -Wpointer-arith -Wshorten-64-to-32 -Wwrite-strings -Wold-style-definition -Wmissing-noreturn -Wno-cast-function-type -Wno-constant-logical-operand -Wno-long-long -Wno-missing-field-initializers -Wno-overlength-strings -Wno-parentheses-equality -Wno-self-assign -Wno-tautological-compare -Wno-unused-parameter -Wno-unused-value -Wunused-variable -Wmisleading-indentation -Wundef -fno-common -pipe -arch arm64  -c conftest.c"
checked program was:
/* begin */
1: #include "ruby.h"
2: 
3: #include <inttypes.h>
/* end */

--------------------

checking for C99 variable length arrays... -------------------- yes

DYLD_LIBRARY_PATH=.:/Users/justin/.rbenv/versions/3.3.8/lib "clang -I/Users/justin/.rbenv/versions/3.3.8/include/ruby-3.3.0/arm64-darwin24 -I/Users/justin/.rbenv/versions/3.3.8/include/ruby-3.3.0/ruby/backward -I/Users/justin/.rbenv/versions/3.3.8/include/ruby-3.3.0 -I. -I/opt/anaconda3/include -D_XOPEN_SOURCE -D_DARWIN_C_SOURCE -D_DARWIN_UNLIMITED_SELECT -D_REENTRANT   -fdeclspec -O3 -fno-fast-math -ggdb3 -Wall -Wextra -Wextra-tokens -Wdeprecated-declarations -Wdivision-by-zero -Wdiv-by-zero -Wimplicit-function-declaration -Wimplicit-int -Wpointer-arith -Wshorten-64-to-32 -Wwrite-strings -Wold-style-definition -Wmissing-noreturn -Wno-cast-function-type -Wno-constant-logical-operand -Wno-long-long -Wno-missing-field-initializers -Wno-overlength-strings -Wno-parentheses-equality -Wno-self-assign -Wno-tautological-compare -Wno-unused-parameter -Wno-unused-value -Wunused-variable -Wmisleading-indentation -Wundef -fno-common -pipe -arch arm64  -c conftest.c"
conftest.c:3:27: warning: unused variable 'vla' [-Wunused-variable]
    3 | void test_vla(int l){ int vla[l]; }
      |                           ^~~
1 warning generated.
checked program was:
/* begin */
1: #include "ruby.h"
2: 
3: void test_vla(int l){ int vla[l]; }
/* end */

--------------------

extconf.h is:
/* begin */
 1: #ifndef EXTCONF_H
 2: #define EXTCONF_H
 3: #define ENABLE_GVL_UNLOCK 1
 4: #define HAVE_PQENCRYPTPASSWORDCONN 1
 5: #define HAVE_PQRESULTMEMORYSIZE 1
 6: #define HAVE_TIMEGM 1
 7: #define HAVE_RB_IO_WAIT 1
 8: #define HAVE_RB_IO_DESCRIPTOR 1
 9: #define HAVE_INTTYPES_H 1
10: #define HAVE_VARIABLE_LENGTH_ARRAYS 1
11: #endif
/* end */

